<?xml version="1.0" encoding="UTF-8"?>
<testsuite name="blockchain.blocks.HardToMineBlockTest" tests="1" skipped="0" failures="0" errors="0" timestamp="2020-09-08T06:34:58" hostname="DESKTOP-80P7ATL" time="0.005">
  <properties/>
  <testcase name="isPreviousOf" classname="blockchain.blocks.HardToMineBlockTest" time="0.005"/>
  <system-out><![CDATA[]]></system-out>
  <system-err><![CDATA[]]></system-err>
</testsuite>
